------------------------------ Scenario Screen -------- [1-9]: Change Screen --
  Timestamp: Wed Dec 30 14:59:24 2020

  Port   Total-time  Total-calls  Transport
  5061      11.04 s            1  UDP

  Call limit reached (-m 1), 0.000 s period  0 ms scheduler resolution
  0 calls                                Peak was 1 calls, after 7 s
  0 Running, 2 Paused, 0 Woken up
  0 dead call msg (discarded)          
  0 open sockets                        

                                 Messages  Retrans   Timeout   Unexpected-Msg
  ----------> INVITE             1         0         0         0        

  <---------- 486                1         0                            
  ----------> ACK         E-RTD1 1         0         0         0        

  [   4000ms] Pause              1                             0        
------- Waiting for active calls to end. Press [q] again to force exit. -------

----------------------------- Statistics Screen ------- [1-9]: Change Screen --
  Start Time             | 2020-12-30	14:59:13.616492	1609336753.616492         
  Last Reset Time        | 2020-12-30	14:59:24.660612	1609336764.660612         
  Current Time           | 2020-12-30	14:59:24.660645	1609336764.660645         
-------------------------+---------------------------+--------------------------
  Counter Name           | Periodic value            | Cumulative value
-------------------------+---------------------------+--------------------------
  Elapsed Time           | 00:00:00:000000           | 00:00:11:044000          
  Call Rate              |    0.000 cps              |    0.091 cps             
-------------------------+---------------------------+--------------------------
  Incoming call created  |        0                  |        1                 
  OutGoing call created  |        0                  |        0                 
  Total Call created     |                          |        1                 
  Current Call           |        0                  |                          
-------------------------+---------------------------+--------------------------
  Successful call        |        0                  |        1                 
  Failed call            |        0                  |        0                 
-------------------------+---------------------------+--------------------------
  Response Time 1        | 00:00:00:000000           | 00:00:00:004000          
  Call Length            | 00:00:00:000000           | 00:00:04:008000          
------- Waiting for active calls to end. Press [q] again to force exit. -------

---------------------------- Repartition Screen ------- [1-9]: Change Screen --
  Average Response Time Repartition 1                                           
           0 ms <= n <        10 ms :          1                                
          10 ms <= n <        20 ms :          0                                
          20 ms <= n <        30 ms :          0                                
          30 ms <= n <        40 ms :          0                                
          40 ms <= n <        50 ms :          0                                
          50 ms <= n <       100 ms :          0                                
         100 ms <= n <       150 ms :          0                                
         150 ms <= n <       200 ms :          0                                
                   n >=      200 ms :          0                                
  Average Call Length Repartition                                               
           0 ms <= n <        10 ms :          0                                
          10 ms <= n <        50 ms :          0                                
          50 ms <= n <       100 ms :          0                                
         100 ms <= n <       500 ms :          0                                
         500 ms <= n <      1000 ms :          0                                
        1000 ms <= n <      5000 ms :          1                                
        5000 ms <= n <     10000 ms :          0                                
                   n >=    10000 ms :          0                                
------- Waiting for active calls to end. Press [q] again to force exit. -------

