------------------------------ Scenario Screen -------- [1-9]: Change Screen --
  Timestamp: Wed Dec 30 15:54:24 2020

  Port   Total-time  Total-calls  Transport
  5061      18.03 s           66  UDP

  0 new calls during 0.000 s period      0 ms scheduler resolution
  0 calls                                Peak was 41 calls, after 9 s
  0 Running, 68 Paused, 0 Woken up
  0 dead call msg (discarded)          
  0 open sockets                        

                                 Messages  Retrans   Timeout   Unexpected-Msg
  ----------> INVITE             66        0         0         0        

  <---------- 180                66        0                            
  ----------> CANCEL      E-RTD1 66        0         0         0        

  <---------- 200                66        0                            
  <---------- 487                66        0                            
  ----------> ACK         E-RTD1 66        0         0         0        

  [   4000ms] Pause              66                            0        
------- Waiting for active calls to end. Press [q] again to force exit. -------

----------------------------- Statistics Screen ------- [1-9]: Change Screen --
  Start Time             | 2020-12-30	15:54:06.464380	1609340046.464380         
  Last Reset Time        | 2020-12-30	15:54:24.504862	1609340064.504862         
  Current Time           | 2020-12-30	15:54:24.504939	1609340064.504939         
-------------------------+---------------------------+--------------------------
  Counter Name           | Periodic value            | Cumulative value
-------------------------+---------------------------+--------------------------
  Elapsed Time           | 00:00:00:000000           | 00:00:18:040000          
  Call Rate              |    0.000 cps              |    3.659 cps             
-------------------------+---------------------------+--------------------------
  Incoming call created  |        0                  |       66                 
  OutGoing call created  |        0                  |        0                 
  Total Call created     |                          |       66                 
  Current Call           |        0                  |                          
-------------------------+---------------------------+--------------------------
  Successful call        |        0                  |       66                 
  Failed call            |        0                  |        0                 
-------------------------+---------------------------+--------------------------
  Response Time 1        | 00:00:00:000000           | 00:00:00:000000          
  Call Length            | 00:00:00:000000           | 00:00:04:008000          
------- Waiting for active calls to end. Press [q] again to force exit. -------

---------------------------- Repartition Screen ------- [1-9]: Change Screen --
  Average Response Time Repartition 1                                           
           0 ms <= n <        10 ms :         65                                
          10 ms <= n <        20 ms :          0                                
          20 ms <= n <        30 ms :          1                                
          30 ms <= n <        40 ms :          0                                
          40 ms <= n <        50 ms :          0                                
          50 ms <= n <       100 ms :          0                                
         100 ms <= n <       150 ms :          0                                
         150 ms <= n <       200 ms :          0                                
                   n >=      200 ms :          0                                
  Average Call Length Repartition                                               
           0 ms <= n <        10 ms :          0                                
          10 ms <= n <        50 ms :          0                                
          50 ms <= n <       100 ms :          0                                
         100 ms <= n <       500 ms :          0                                
         500 ms <= n <      1000 ms :          0                                
        1000 ms <= n <      5000 ms :         66                                
        5000 ms <= n <     10000 ms :          0                                
                   n >=    10000 ms :          0                                
------- Waiting for active calls to end. Press [q] again to force exit. -------

